# JRE version: Java(TM) SE Runtime Environment 18.9 (11.0.9+7) (build 11.0.9+7-LTS)
# Java VM: Java HotSpot(TM) 64-Bit Server VM 18.9 (11.0.9+7-LTS, mixed mode, tiered, compressed oops, g1 gc, windows-amd64)
Heap:
 garbage-first heap   total 155648K, used 30720K [0x0000000082400000, 0x0000000100000000)
  region size 1024K, 10 young (10240K), 10 survivors (10240K)
 Metaspace       used 31292K, capacity 32045K, committed 32176K, reserved 1077248K
  class space    used 3306K, capacity 3535K, committed 3584K, reserved 1048576K
GC Heap History (10 events):
Event: 1.184 GC heap after
{Heap after GC invocations=1 (full 0):
 garbage-first heap   total 129024K, used 3683K [0x0000000082400000, 0x0000000100000000)
  region size 1024K, 3 young (3072K), 3 survivors (3072K)
 Metaspace       used 12491K, capacity 12661K, committed 12928K, reserved 1060864K
  class space    used 1261K, capacity 1348K, committed 1408K, reserved 1048576K
}
Event: 3.312 GC heap before
{Heap before GC invocations=1 (full 0):
 garbage-first heap   total 129024K, used 50787K [0x0000000082400000, 0x0000000100000000)
  region size 1024K, 50 young (51200K), 3 survivors (3072K)
 Metaspace       used 20839K, capacity 21173K, committed 21296K, reserved 1069056K
  class space    used 2252K, capacity 2379K, committed 2432K, reserved 1048576K
}
Event: 3.322 GC heap after
{Heap after GC invocations=2 (full 0):
 garbage-first heap   total 129024K, used 7121K [0x0000000082400000, 0x0000000100000000)
  region size 1024K, 7 young (7168K), 7 survivors (7168K)
 Metaspace       used 20839K, capacity 21173K, committed 21296K, reserved 1069056K
  class space    used 2252K, capacity 2379K, committed 2432K, reserved 1048576K
}
Event: 4.265 GC heap before
{Heap before GC invocations=3 (full 0):
 garbage-first heap   total 129024K, used 63441K [0x0000000082400000, 0x0000000100000000)
  region size 1024K, 62 young (63488K), 7 survivors (7168K)
 Metaspace       used 21960K, capacity 22367K, committed 22704K, reserved 1069056K
  class space    used 2306K, capacity 2456K, committed 2560K, reserved 1048576K
}
Event: 4.294 GC heap after
{Heap after GC invocations=4 (full 0):
 garbage-first heap   total 129024K, used 12911K [0x0000000082400000, 0x0000000100000000)
  region size 1024K, 8 young (8192K), 8 survivors (8192K)
 Metaspace       used 21960K, capacity 22367K, committed 22704K, reserved 1069056K
  class space    used 2306K, capacity 2456K, committed 2560K, reserved 1048576K
}
Event: 5.557 GC heap before
{Heap before GC invocations=4 (full 0):
 garbage-first heap   total 129024K, used 81519K [0x0000000082400000, 0x0000000100000000)
  region size 1024K, 75 young (76800K), 8 survivors (8192K)
 Metaspace       used 22751K, capacity 23114K, committed 23472K, reserved 1071104K
  class space    used 2320K, capacity 2491K, committed 2560K, reserved 1048576K
}
Event: 5.578 GC heap after
{Heap after GC invocations=5 (full 0):
 garbage-first heap   total 129024K, used 18103K [0x0000000082400000, 0x0000000100000000)
  region size 1024K, 10 young (10240K), 10 survivors (10240K)
 Metaspace       used 22751K, capacity 23114K, committed 23472K, reserved 1071104K
  class space    used 2320K, capacity 2491K, committed 2560K, reserved 1048576K
}
Event: 7.668 GC heap before
{Heap before GC invocations=5 (full 0):
 garbage-first heap   total 129024K, used 84663K [0x0000000082400000, 0x0000000100000000)
  region size 1024K, 75 young (76800K), 10 survivors (10240K)
 Metaspace       used 24578K, capacity 25138K, committed 25392K, reserved 1073152K
  class space    used 2487K, capacity 2678K, committed 2688K, reserved 1048576K
}
Event: 7.689 GC heap after
{Heap after GC invocations=6 (full 0):
 garbage-first heap   total 129024K, used 20411K [0x0000000082400000, 0x0000000100000000)
  region size 1024K, 7 young (7168K), 7 survivors (7168K)
 Metaspace       used 24578K, capacity 25138K, committed 25392K, reserved 1073152K
  class space    used 2487K, capacity 2678K, committed 2688K, reserved 1048576K
}
Event: 10.624 GC heap before
{Heap before GC invocations=6 (full 0):
 garbage-first heap   total 129024K, used 93115K [0x0000000082400000, 0x0000000100000000)
  region size 1024K, 75 young (76800K), 7 survivors (7168K)
 Metaspace       used 31292K, capacity 32045K, committed 32176K, reserved 1077248K
  class space    used 3306K, capacity 3535K, committed 3584K, reserved 1048576K
}

