# JRE version: Java(TM) SE Runtime Environment 18.9 (11.0.9+7) (build 11.0.9+7-LTS)
# Java VM: Java HotSpot(TM) 64-Bit Server VM 18.9 (11.0.9+7-LTS, mixed mode, tiered, compressed oops, g1 gc, windows-amd64)
Heap:
 garbage-first heap   total 294912K, used 83279K [0x0000000082400000, 0x0000000100000000)
  region size 1024K, 8 young (8192K), 8 survivors (8192K)
 Metaspace       used 43521K, capacity 44433K, committed 44624K, reserved 1089536K
  class space    used 4543K, capacity 4849K, committed 4864K, reserved 1048576K
GC Heap History (10 events):
Event: 34.339 GC heap after
{Heap after GC invocations=26 (full 0):
 garbage-first heap   total 155648K, used 75418K [0x0000000082400000, 0x0000000100000000)
  region size 1024K, 5 young (5120K), 5 survivors (5120K)
 Metaspace       used 43366K, capacity 44222K, committed 44368K, reserved 1089536K
  class space    used 4540K, capacity 4845K, committed 4864K, reserved 1048576K
}
Event: 34.575 GC heap before
{Heap before GC invocations=27 (full 0):
 garbage-first heap   total 155648K, used 124570K [0x0000000082400000, 0x0000000100000000)
  region size 1024K, 53 young (54272K), 5 survivors (5120K)
 Metaspace       used 43379K, capacity 44286K, committed 44368K, reserved 1089536K
  class space    used 4540K, capacity 4845K, committed 4864K, reserved 1048576K
}
Event: 34.593 GC heap after
{Heap after GC invocations=28 (full 0):
 garbage-first heap   total 187392K, used 76415K [0x0000000082400000, 0x0000000100000000)
  region size 1024K, 5 young (5120K), 5 survivors (5120K)
 Metaspace       used 43379K, capacity 44286K, committed 44368K, reserved 1089536K
  class space    used 4540K, capacity 4845K, committed 4864K, reserved 1048576K
}
Event: 34.791 GC heap before
{Heap before GC invocations=28 (full 0):
 garbage-first heap   total 187392K, used 139903K [0x0000000082400000, 0x0000000100000000)
  region size 1024K, 66 young (67584K), 5 survivors (5120K)
 Metaspace       used 43407K, capacity 44287K, committed 44368K, reserved 1089536K
  class space    used 4540K, capacity 4845K, committed 4864K, reserved 1048576K
}
Event: 34.805 GC heap after
{Heap after GC invocations=29 (full 0):
 garbage-first heap   total 187392K, used 78505K [0x0000000082400000, 0x0000000100000000)
  region size 1024K, 6 young (6144K), 6 survivors (6144K)
 Metaspace       used 43407K, capacity 44287K, committed 44368K, reserved 1089536K
  class space    used 4540K, capacity 4845K, committed 4864K, reserved 1048576K
}
Event: 34.954 GC heap before
{Heap before GC invocations=29 (full 0):
 garbage-first heap   total 187392K, used 141993K [0x0000000082400000, 0x0000000100000000)
  region size 1024K, 68 young (69632K), 6 survivors (6144K)
 Metaspace       used 43407K, capacity 44287K, committed 44368K, reserved 1089536K
  class space    used 4540K, capacity 4845K, committed 4864K, reserved 1048576K
}
Event: 34.970 GC heap after
{Heap after GC invocations=30 (full 0):
 garbage-first heap   total 187392K, used 79584K [0x0000000082400000, 0x0000000100000000)
  region size 1024K, 6 young (6144K), 6 survivors (6144K)
 Metaspace       used 43407K, capacity 44287K, committed 44368K, reserved 1089536K
  class space    used 4540K, capacity 4845K, committed 4864K, reserved 1048576K
}
Event: 35.329 GC heap before
{Heap before GC invocations=30 (full 0):
 garbage-first heap   total 187392K, used 144096K [0x0000000082400000, 0x0000000100000000)
  region size 1024K, 69 young (70656K), 6 survivors (6144K)
 Metaspace       used 43456K, capacity 44362K, committed 44624K, reserved 1089536K
  class space    used 4543K, capacity 4849K, committed 4864K, reserved 1048576K
}
Event: 35.347 GC heap after
{Heap after GC invocations=31 (full 0):
 garbage-first heap   total 187392K, used 80394K [0x0000000082400000, 0x0000000100000000)
  region size 1024K, 6 young (6144K), 6 survivors (6144K)
 Metaspace       used 43456K, capacity 44362K, committed 44624K, reserved 1089536K
  class space    used 4543K, capacity 4849K, committed 4864K, reserved 1048576K
}
Event: 36.291 GC heap before
{Heap before GC invocations=31 (full 0):
 garbage-first heap   total 187392K, used 147978K [0x0000000082400000, 0x0000000100000000)
  region size 1024K, 72 young (73728K), 6 survivors (6144K)
 Metaspace       used 43521K, capacity 44433K, committed 44624K, reserved 1089536K
  class space    used 4543K, capacity 4849K, committed 4864K, reserved 1048576K
}

