# JRE version: Java(TM) SE Runtime Environment 18.9 (11.0.9+7) (build 11.0.9+7-LTS)
# Java VM: Java HotSpot(TM) 64-Bit Server VM 18.9 (11.0.9+7-LTS, mixed mode, tiered, compressed oops, g1 gc, windows-amd64)
Heap:
 garbage-first heap   total 263168K, used 74479K [0x0000000082400000, 0x0000000100000000)
  region size 1024K, 6 young (6144K), 6 survivors (6144K)
 Metaspace       used 36360K, capacity 37130K, committed 37296K, reserved 1083392K
  class space    used 3695K, capacity 3983K, committed 4096K, reserved 1048576K
GC Heap History (10 events):
Event: 11.283 GC heap after
{Heap after GC invocations=16 (full 0):
 garbage-first heap   total 155648K, used 65431K [0x0000000082400000, 0x0000000100000000)
  region size 1024K, 6 young (6144K), 6 survivors (6144K)
 Metaspace       used 36114K, capacity 36919K, committed 37040K, reserved 1083392K
  class space    used 3692K, capacity 3979K, committed 4096K, reserved 1048576K
}
Event: 11.397 GC heap before
{Heap before GC invocations=16 (full 0):
 garbage-first heap   total 155648K, used 126871K [0x0000000082400000, 0x0000000100000000)
  region size 1024K, 66 young (67584K), 6 survivors (6144K)
 Metaspace       used 36160K, capacity 36984K, committed 37296K, reserved 1083392K
  class space    used 3692K, capacity 3979K, committed 4096K, reserved 1048576K
}
Event: 11.408 GC heap after
{Heap after GC invocations=17 (full 0):
 garbage-first heap   total 187392K, used 66450K [0x0000000082400000, 0x0000000100000000)
  region size 1024K, 6 young (6144K), 6 survivors (6144K)
 Metaspace       used 36160K, capacity 36984K, committed 37296K, reserved 1083392K
  class space    used 3692K, capacity 3979K, committed 4096K, reserved 1048576K
}
Event: 11.539 GC heap before
{Heap before GC invocations=17 (full 0):
 garbage-first heap   total 187392K, used 145298K [0x0000000082400000, 0x0000000100000000)
  region size 1024K, 82 young (83968K), 6 survivors (6144K)
 Metaspace       used 36171K, capacity 36984K, committed 37296K, reserved 1083392K
  class space    used 3692K, capacity 3979K, committed 4096K, reserved 1048576K
}
Event: 11.552 GC heap after
{Heap after GC invocations=18 (full 0):
 garbage-first heap   total 187392K, used 68742K [0x0000000082400000, 0x0000000100000000)
  region size 1024K, 8 young (8192K), 8 survivors (8192K)
 Metaspace       used 36171K, capacity 36984K, committed 37296K, reserved 1083392K
  class space    used 3692K, capacity 3979K, committed 4096K, reserved 1048576K
}
Event: 11.674 GC heap before
{Heap before GC invocations=18 (full 0):
 garbage-first heap   total 187392K, used 146566K [0x0000000082400000, 0x0000000100000000)
  region size 1024K, 84 young (86016K), 8 survivors (8192K)
 Metaspace       used 36171K, capacity 36984K, committed 37296K, reserved 1083392K
  class space    used 3692K, capacity 3979K, committed 4096K, reserved 1048576K
}
Event: 11.687 GC heap after
{Heap after GC invocations=19 (full 0):
 garbage-first heap   total 187392K, used 69422K [0x0000000082400000, 0x0000000100000000)
  region size 1024K, 6 young (6144K), 6 survivors (6144K)
 Metaspace       used 36171K, capacity 36984K, committed 37296K, reserved 1083392K
  class space    used 3692K, capacity 3979K, committed 4096K, reserved 1048576K
}
Event: 12.119 GC heap before
{Heap before GC invocations=19 (full 0):
 garbage-first heap   total 187392K, used 149294K [0x0000000082400000, 0x0000000100000000)
  region size 1024K, 84 young (86016K), 6 survivors (6144K)
 Metaspace       used 36272K, capacity 37061K, committed 37296K, reserved 1083392K
  class space    used 3695K, capacity 3983K, committed 4096K, reserved 1048576K
}
Event: 12.132 GC heap after
{Heap after GC invocations=20 (full 0):
 garbage-first heap   total 187392K, used 73228K [0x0000000082400000, 0x0000000100000000)
  region size 1024K, 9 young (9216K), 9 survivors (9216K)
 Metaspace       used 36272K, capacity 37061K, committed 37296K, reserved 1083392K
  class space    used 3695K, capacity 3983K, committed 4096K, reserved 1048576K
}
Event: 12.418 GC heap before
{Heap before GC invocations=20 (full 0):
 garbage-first heap   total 187392K, used 152076K [0x0000000082400000, 0x0000000100000000)
  region size 1024K, 86 young (88064K), 9 survivors (9216K)
 Metaspace       used 36360K, capacity 37130K, committed 37296K, reserved 1083392K
  class space    used 3695K, capacity 3983K, committed 4096K, reserved 1048576K
}

