# JRE version: Java(TM) SE Runtime Environment 18.9 (11.0.9+7) (build 11.0.9+7-LTS)
# Java VM: Java HotSpot(TM) 64-Bit Server VM 18.9 (11.0.9+7-LTS, mixed mode, tiered, compressed oops, g1 gc, windows-amd64)
Heap:
 garbage-first heap   total 379904K, used 80457K [0x0000000082400000, 0x0000000100000000)
  region size 1024K, 13 young (13312K), 13 survivors (13312K)
 Metaspace       used 43010K, capacity 44020K, committed 44208K, reserved 1089536K
  class space    used 4359K, capacity 4752K, committed 4864K, reserved 1048576K
GC Heap History (10 events):
Event: 7.962 GC heap after
{Heap after GC invocations=19 (full 0):
 garbage-first heap   total 187392K, used 68887K [0x0000000082400000, 0x0000000100000000)
  region size 1024K, 7 young (7168K), 7 survivors (7168K)
 Metaspace       used 36143K, capacity 36987K, committed 37296K, reserved 1083392K
  class space    used 3689K, capacity 3979K, committed 4096K, reserved 1048576K
}
Event: 8.257 GC heap before
{Heap before GC invocations=19 (full 0):
 garbage-first heap   total 187392K, used 151831K [0x0000000082400000, 0x0000000100000000)
  region size 1024K, 88 young (90112K), 7 survivors (7168K)
 Metaspace       used 36257K, capacity 37064K, committed 37296K, reserved 1083392K
  class space    used 3692K, capacity 3983K, committed 4096K, reserved 1048576K
}
Event: 8.271 GC heap after
{Heap after GC invocations=20 (full 0):
 garbage-first heap   total 238592K, used 71848K [0x0000000082400000, 0x0000000100000000)
  region size 1024K, 9 young (9216K), 9 survivors (9216K)
 Metaspace       used 36257K, capacity 37064K, committed 37296K, reserved 1083392K
  class space    used 3692K, capacity 3983K, committed 4096K, reserved 1048576K
}
Event: 8.679 GC heap before
{Heap before GC invocations=20 (full 0):
 garbage-first heap   total 238592K, used 187560K [0x0000000082400000, 0x0000000100000000)
  region size 1024K, 122 young (124928K), 9 survivors (9216K)
 Metaspace       used 36365K, capacity 37135K, committed 37296K, reserved 1083392K
  class space    used 3692K, capacity 3983K, committed 4096K, reserved 1048576K
}
Event: 8.694 GC heap after
{Heap after GC invocations=21 (full 0):
 garbage-first heap   total 238592K, used 73484K [0x0000000082400000, 0x0000000100000000)
  region size 1024K, 10 young (10240K), 10 survivors (10240K)
 Metaspace       used 36365K, capacity 37135K, committed 37296K, reserved 1083392K
  class space    used 3692K, capacity 3983K, committed 4096K, reserved 1048576K
}
Event: 9.184 GC heap before
{Heap before GC invocations=21 (full 0):
 garbage-first heap   total 238592K, used 194316K [0x0000000082400000, 0x0000000100000000)
  region size 1024K, 128 young (131072K), 10 survivors (10240K)
 Metaspace       used 36393K, capacity 37201K, committed 37552K, reserved 1083392K
  class space    used 3692K, capacity 3983K, committed 4096K, reserved 1048576K
}
Event: 9.198 GC heap after
{Heap after GC invocations=22 (full 0):
 garbage-first heap   total 238592K, used 74348K [0x0000000082400000, 0x0000000100000000)
  region size 1024K, 9 young (9216K), 9 survivors (9216K)
 Metaspace       used 36393K, capacity 37201K, committed 37552K, reserved 1083392K
  class space    used 3692K, capacity 3983K, committed 4096K, reserved 1048576K
}
Event: 12.786 GC heap before
{Heap before GC invocations=22 (full 0):
 garbage-first heap   total 238592K, used 199276K [0x0000000082400000, 0x0000000100000000)
  region size 1024K, 129 young (132096K), 9 survivors (9216K)
 Metaspace       used 38889K, capacity 39753K, committed 39984K, reserved 1085440K
  class space    used 3874K, capacity 4184K, committed 4224K, reserved 1048576K
}
Event: 12.801 GC heap after
{Heap after GC invocations=23 (full 0):
 garbage-first heap   total 238592K, used 77692K [0x0000000082400000, 0x0000000100000000)
  region size 1024K, 11 young (11264K), 11 survivors (11264K)
 Metaspace       used 38889K, capacity 39753K, committed 39984K, reserved 1085440K
  class space    used 3874K, capacity 4184K, committed 4224K, reserved 1048576K
}
Event: 29.304 GC heap before
{Heap before GC invocations=23 (full 0):
 garbage-first heap   total 238592K, used 224124K [0x0000000082400000, 0x0000000100000000)
  region size 1024K, 130 young (133120K), 11 survivors (11264K)
 Metaspace       used 43010K, capacity 44020K, committed 44208K, reserved 1089536K
  class space    used 4359K, capacity 4752K, committed 4864K, reserved 1048576K
}

